This is XeTeX, Version 3.1415926-2.3-0.9997.5 (TeX Live 2011) (format=xelatex 2011.10.16)  6 NOV 2011 14:48
entering extended mode
 restricted \write18 enabled.
 %&-line parsing enabled.
**main.tex
(./main.tex
LaTeX2e <2009/09/24>
Babel <v3.8l> and hyphenation patterns for english, dumylang, nohyphenation, pi
nyin, ukenglish, usenglishmax, loaded.
(/home/jasonleakey/software/texlive/2011/texmf-dist/tex/latex/base/book.cls
Document Class: book 2007/10/19 v1.4h Standard LaTeX document class
(/home/jasonleakey/software/texlive/2011/texmf-dist/tex/latex/base/bk12.clo
File: bk12.clo 2007/10/19 v1.4h Standard LaTeX file (size option)
)
\c@part=\count80
\c@chapter=\count81
\c@section=\count82
\c@subsection=\count83
\c@subsubsection=\count84
\c@paragraph=\count85
\c@subparagraph=\count86
\c@figure=\count87
\c@table=\count88
\abovecaptionskip=\skip41
\belowcaptionskip=\skip42
\bibindent=\dimen102
)
(./setup/type.tex) (./setup/package.tex
(/home/jasonleakey/software/texlive/2011/texmf-dist/tex/latex/graphics/graphicx
.sty
Package: graphicx 1999/02/16 v1.0f Enhanced LaTeX Graphics (DPC,SPQR)

(/home/jasonleakey/software/texlive/2011/texmf-dist/tex/latex/graphics/keyval.s
ty
Package: keyval 1999/03/16 v1.13 key=value parser (DPC)
\KV@toks@=\toks14
)
(/home/jasonleakey/software/texlive/2011/texmf-dist/tex/latex/graphics/graphics
.sty
Package: graphics 2009/02/05 v1.0o Standard LaTeX Graphics (DPC,SPQR)

(/home/jasonleakey/software/texlive/2011/texmf-dist/tex/latex/graphics/trig.sty
Package: trig 1999/03/16 v1.09 sin cos tan (DPC)
)
(/home/jasonleakey/software/texlive/2011/texmf-dist/tex/latex/latexconfig/graph
ics.cfg
File: graphics.cfg 2010/04/23 v1.9 graphics configuration of TeX Live
)
Package graphics Info: Driver file: xetex.def on input line 91.

(/home/jasonleakey/software/texlive/2011/texmf-dist/tex/xelatex/xetex-def/xetex
.def
File: xetex.def 2009/11/22 v0.94 LaTeX color/graphics driver for XeTeX (RRM/JK)

))
\Gin@req@height=\dimen103
\Gin@req@width=\dimen104
)
(/home/jasonleakey/software/texlive/2011/texmf-dist/tex/latex/geometry/geometry
.sty
Package: geometry 2010/09/12 v5.6 Page Geometry

(/home/jasonleakey/software/texlive/2011/texmf-dist/tex/generic/oberdiek/ifpdf.
sty
Package: ifpdf 2011/01/30 v2.3 Provides the ifpdf switch (HO)
Package ifpdf Info: pdfTeX in PDF mode is not detected.
)
(/home/jasonleakey/software/texlive/2011/texmf-dist/tex/generic/oberdiek/ifvtex
.sty
Package: ifvtex 2010/03/01 v1.5 Switches for detecting VTeX and its modes (HO)
Package ifvtex Info: VTeX not detected.
)
(/home/jasonleakey/software/texlive/2011/texmf-dist/tex/generic/ifxetex/ifxetex
.sty
Package: ifxetex 2010/09/12 v0.6 Provides ifxetex conditional
)
\Gm@cnth=\count89
\Gm@cntv=\count90
\c@Gm@tempcnt=\count91
\Gm@bindingoffset=\dimen105
\Gm@wd@mp=\dimen106
\Gm@odd@mp=\dimen107
\Gm@even@mp=\dimen108
\Gm@layoutwidth=\dimen109
\Gm@layoutheight=\dimen110
\Gm@layouthoffset=\dimen111
\Gm@layoutvoffset=\dimen112
\Gm@dimlist=\toks15
)
(/home/jasonleakey/software/texlive/2011/texmf-dist/tex/latex/titlesec/titlesec
.sty
Package: titlesec 2007/08/12 v2.8 Sectioning titles
\ttl@box=\box26
\beforetitleunit=\skip43
\aftertitleunit=\skip44
\ttl@plus=\dimen113
\ttl@minus=\dimen114
\ttl@toksa=\toks16
\titlewidth=\dimen115
\titlewidthlast=\dimen116
\titlewidthfirst=\dimen117
)
(/home/jasonleakey/software/texlive/2011/texmf-dist/tex/latex/tocloft/tocloft.s
ty
Package: tocloft 2010/10/13 v2.3e parameterised ToC, etc., typesetting
Package tocloft Info: The document has chapter divisions on input line 43.
\cftparskip=\skip45
\cftbeforetoctitleskip=\skip46
\cftaftertoctitleskip=\skip47
\cftbeforepartskip=\skip48
\cftpartnumwidth=\skip49
\cftpartindent=\skip50
\cftbeforechapskip=\skip51
\cftchapindent=\skip52
\cftchapnumwidth=\skip53
\cftbeforesecskip=\skip54
\cftsecindent=\skip55
\cftsecnumwidth=\skip56
\cftbeforesubsecskip=\skip57
\cftsubsecindent=\skip58
\cftsubsecnumwidth=\skip59
\cftbeforesubsubsecskip=\skip60
\cftsubsubsecindent=\skip61
\cftsubsubsecnumwidth=\skip62
\cftbeforeparaskip=\skip63
\cftparaindent=\skip64
\cftparanumwidth=\skip65
\cftbeforesubparaskip=\skip66
\cftsubparaindent=\skip67
\cftsubparanumwidth=\skip68
\cftbeforeloftitleskip=\skip69
\cftafterloftitleskip=\skip70
\cftbeforefigskip=\skip71
\cftfigindent=\skip72
\cftfignumwidth=\skip73
\cftbeforelottitleskip=\skip74
\cftafterlottitleskip=\skip75
\cftbeforetabskip=\skip76
\cfttabindent=\skip77
\cfttabnumwidth=\skip78
\cftbeforesubfigskip=\skip79
\cftsubfigindent=\skip80
\cftsubfignumwidth=\skip81
\cftbeforesubtabskip=\skip82
\cftsubtabindent=\skip83
\cftsubtabnumwidth=\skip84
)
(/home/jasonleakey/software/texlive/2011/texmf-dist/tex/latex/fancyhdr/fancyhdr
.sty
\fancy@headwidth=\skip85
\f@ncyO@elh=\skip86
\f@ncyO@erh=\skip87
\f@ncyO@olh=\skip88
\f@ncyO@orh=\skip89
\f@ncyO@elf=\skip90
\f@ncyO@erf=\skip91
\f@ncyO@olf=\skip92
\f@ncyO@orf=\skip93
)
(/home/jasonleakey/software/texlive/2011/texmf-dist/tex/latex/graphics/color.st
y
Package: color 2005/11/14 v1.0j Standard LaTeX Color (DPC)

(/home/jasonleakey/software/texlive/2011/texmf-dist/tex/latex/latexconfig/color
.cfg
File: color.cfg 2007/01/18 v1.5 color configuration of teTeX/TeXLive
)
Package color Info: Driver file: xetex.def on input line 130.
)
(/home/jasonleakey/software/texlive/2011/texmf-dist/tex/latex/amsmath/amsmath.s
ty
Package: amsmath 2000/07/18 v2.13 AMS math features
\@mathmargin=\skip94

For additional information on amsmath, use the `?' option.

(/home/jasonleakey/software/texlive/2011/texmf-dist/tex/latex/amsmath/amstext.s
ty
Package: amstext 2000/06/29 v2.01

(/home/jasonleakey/software/texlive/2011/texmf-dist/tex/latex/amsmath/amsgen.st
y
File: amsgen.sty 1999/11/30 v2.0
\@emptytoks=\toks17
\ex@=\dimen118
))
(/home/jasonleakey/software/texlive/2011/texmf-dist/tex/latex/amsmath/amsbsy.st
y
Package: amsbsy 1999/11/29 v1.2d
\pmbraise@=\dimen119
)
(/home/jasonleakey/software/texlive/2011/texmf-dist/tex/latex/amsmath/amsopn.st
y
Package: amsopn 1999/12/14 v2.01 operator names
)
\inf@bad=\count92
LaTeX Info: Redefining \frac on input line 211.
\uproot@=\count93
\leftroot@=\count94
LaTeX Info: Redefining \overline on input line 307.
\classnum@=\count95
\DOTSCASE@=\count96
LaTeX Info: Redefining \ldots on input line 379.
LaTeX Info: Redefining \dots on input line 382.
LaTeX Info: Redefining \cdots on input line 467.
\Mathstrutbox@=\box27
\strutbox@=\box28
\big@size=\dimen120
LaTeX Font Info:    Redeclaring font encoding OML on input line 567.
LaTeX Font Info:    Redeclaring font encoding OMS on input line 568.
\macc@depth=\count97
\c@MaxMatrixCols=\count98
\dotsspace@=\muskip10
\c@parentequation=\count99
\dspbrk@lvl=\count100
\tag@help=\toks18
\row@=\count101
\column@=\count102
\maxfields@=\count103
\andhelp@=\toks19
\eqnshift@=\dimen121
\alignsep@=\dimen122
\tagshift@=\dimen123
\tagwidth@=\dimen124
\totwidth@=\dimen125
\lineht@=\dimen126
\@envbody=\toks20
\multlinegap=\skip95
\multlinetaggap=\skip96
\mathdisplay@stack=\toks21
LaTeX Info: Redefining \[ on input line 2666.
LaTeX Info: Redefining \] on input line 2667.
)
(/home/jasonleakey/software/texlive/2011/texmf-dist/tex/latex/amsfonts/amssymb.
sty
Package: amssymb 2009/06/22 v3.00

(/home/jasonleakey/software/texlive/2011/texmf-dist/tex/latex/amsfonts/amsfonts
.sty
Package: amsfonts 2009/06/22 v3.00 Basic AMSFonts support
\symAMSa=\mathgroup4
\symAMSb=\mathgroup5
LaTeX Font Info:    Overwriting math alphabet `\mathfrak' in version `bold'
(Font)                  U/euf/m/n --> U/euf/b/n on input line 96.
))
(/home/jasonleakey/software/texlive/2011/texmf-dist/tex/latex/placeins/placeins
.sty
Package: placeins 2005/04/18  v 2.2
)
(/home/jasonleakey/software/texlive/2011/texmf-dist/tex/latex/base/flafter.sty
Package: flafter 2000/07/23 v1.2i Standard LaTeX floats after reference (FMi)
)
(/home/jasonleakey/software/texlive/2011/texmf-dist/tex/latex/multirow/multirow
.sty
\bigstrutjot=\dimen127
)
(/home/jasonleakey/software/texlive/2011/texmf-dist/tex/latex/booktabs/booktabs
.sty
Package: booktabs 2005/04/14 v1.61803 publication quality tables
\heavyrulewidth=\dimen128
\lightrulewidth=\dimen129
\cmidrulewidth=\dimen130
\belowrulesep=\dimen131
\belowbottomsep=\dimen132
\aboverulesep=\dimen133
\abovetopsep=\dimen134
\cmidrulesep=\dimen135
\cmidrulekern=\dimen136
\defaultaddspace=\dimen137
\@cmidla=\count104
\@cmidlb=\count105
\@aboverulesep=\dimen138
\@belowrulesep=\dimen139
\@thisruleclass=\count106
\@lastruleclass=\count107
\@thisrulewidth=\dimen140
)
(/home/jasonleakey/software/texlive/2011/texmf-dist/tex/latex/tools/longtable.s
ty
Package: longtable 2004/02/01 v4.11 Multi-page Table package (DPC)
\LTleft=\skip97
\LTright=\skip98
\LTpre=\skip99
\LTpost=\skip100
\LTchunksize=\count108
\LTcapwidth=\dimen141
\LT@head=\box29
\LT@firsthead=\box30
\LT@foot=\box31
\LT@lastfoot=\box32
\LT@cols=\count109
\LT@rows=\count110
\c@LT@tables=\count111
\c@LT@chunks=\count112
\LT@p@ftn=\toks22
)
(/home/jasonleakey/software/texlive/2011/texmf-dist/tex/latex/tools/tabularx.st
y
Package: tabularx 1999/01/07 v2.07 `tabularx' package (DPC)
 (/home/jasonleakey/software/texlive/2011/texmf-dist/tex/latex/tools/array.sty
Package: array 2008/09/09 v2.4c Tabular extension package (FMi)
\col@sep=\dimen142
\extrarowheight=\dimen143
\NC@list=\toks23
\extratabsurround=\skip101
\backup@length=\skip102
)
\TX@col@width=\dimen144
\TX@old@table=\dimen145
\TX@old@col=\dimen146
\TX@target=\dimen147
\TX@delta=\dimen148
\TX@cols=\count113
\TX@ftn=\toks24
)
(/home/jasonleakey/software/texlive/2011/texmf-dist/tex/latex/subfig/subfig.sty
Package: subfig 2005/06/28 ver: 1.3 subfig package

(/home/jasonleakey/software/texlive/2011/texmf-dist/tex/latex/caption/caption.s
ty
Package: caption 2010/01/09 v3.1m Customizing captions (AR)

(/home/jasonleakey/software/texlive/2011/texmf-dist/tex/latex/caption/caption3.
sty
Package: caption3 2010/01/14 v3.1m caption3 kernel (AR)
\captionmargin=\dimen149
\captionmargin@=\dimen150
\captionwidth=\dimen151
\caption@indent=\dimen152
\caption@parindent=\dimen153
\caption@hangindent=\dimen154
)
\c@ContinuedFloat=\count114
Package caption Info: longtable package is loaded.

(/home/jasonleakey/software/texlive/2011/texmf-dist/tex/latex/caption/ltcaption
.sty
Package: ltcaption 2008/03/28 v1.2 longtable captions (AR)
))
\c@KVtest=\count115
\sf@farskip=\skip103
\sf@captopadj=\dimen155
\sf@capskip=\skip104
\sf@nearskip=\skip105
\c@subfigure=\count116
\c@subfigure@save=\count117
\c@lofdepth=\count118
\c@subtable=\count119
\c@subtable@save=\count120
\c@lotdepth=\count121
\sf@top=\skip106
\sf@bottom=\skip107
)
(/home/jasonleakey/software/texlive/2011/texmf-dist/tex/latex/natbib/natbib.sty
Package: natbib 2010/09/13 8.31b (PWD, AO)
\bibhang=\skip108
\bibsep=\skip109
LaTeX Info: Redefining \cite on input line 694.
\c@NAT@ctr=\count122
) (/home/jasonleakey/software/texlive/2011/texmf-dist/tex/latex/tools/calc.sty
Package: calc 2007/08/22 v4.3 Infix arithmetic (KKT,FJ)
\calc@Acount=\count123
\calc@Bcount=\count124
\calc@Adimen=\dimen156
\calc@Bdimen=\dimen157
\calc@Askip=\skip110
\calc@Bskip=\skip111
LaTeX Info: Redefining \setlength on input line 76.
LaTeX Info: Redefining \addtolength on input line 77.
\calc@Ccount=\count125
\calc@Cskip=\skip112
)
(/home/jasonleakey/software/texlive/2011/texmf-dist/tex/latex/txfonts/txfonts.s
ty
Package: txfonts 2008/01/22 v3.2.1
LaTeX Font Info:    Redeclaring symbol font `operators' on input line 21.
LaTeX Font Info:    Overwriting symbol font `operators' in version `normal'
(Font)                  OT1/cmr/m/n --> OT1/txr/m/n on input line 21.
LaTeX Font Info:    Overwriting symbol font `operators' in version `bold'
(Font)                  OT1/cmr/bx/n --> OT1/txr/m/n on input line 21.
LaTeX Font Info:    Overwriting symbol font `operators' in version `bold'
(Font)                  OT1/txr/m/n --> OT1/txr/bx/n on input line 22.
\symitalic=\mathgroup6
LaTeX Font Info:    Overwriting symbol font `italic' in version `bold'
(Font)                  OT1/txr/m/it --> OT1/txr/bx/it on input line 26.
LaTeX Font Info:    Redeclaring math alphabet \mathbf on input line 29.
LaTeX Font Info:    Overwriting math alphabet `\mathbf' in version `normal'
(Font)                  OT1/cmr/bx/n --> OT1/txr/bx/n on input line 29.
LaTeX Font Info:    Overwriting math alphabet `\mathbf' in version `bold'
(Font)                  OT1/cmr/bx/n --> OT1/txr/bx/n on input line 29.
LaTeX Font Info:    Redeclaring math alphabet \mathit on input line 30.
LaTeX Font Info:    Overwriting math alphabet `\mathit' in version `normal'
(Font)                  OT1/cmr/m/it --> OT1/txr/m/it on input line 30.
LaTeX Font Info:    Overwriting math alphabet `\mathit' in version `bold'
(Font)                  OT1/cmr/bx/it --> OT1/txr/m/it on input line 30.
LaTeX Font Info:    Overwriting math alphabet `\mathit' in version `bold'
(Font)                  OT1/txr/m/it --> OT1/txr/bx/it on input line 31.
LaTeX Font Info:    Redeclaring math alphabet \mathsf on input line 40.
LaTeX Font Info:    Overwriting math alphabet `\mathsf' in version `normal'
(Font)                  OT1/cmss/m/n --> OT1/txss/m/n on input line 40.
LaTeX Font Info:    Overwriting math alphabet `\mathsf' in version `bold'
(Font)                  OT1/cmss/bx/n --> OT1/txss/m/n on input line 40.
LaTeX Font Info:    Overwriting math alphabet `\mathsf' in version `bold'
(Font)                  OT1/txss/m/n --> OT1/txss/b/n on input line 41.
LaTeX Font Info:    Redeclaring math alphabet \mathtt on input line 50.
LaTeX Font Info:    Overwriting math alphabet `\mathtt' in version `normal'
(Font)                  OT1/cmtt/m/n --> OT1/txtt/m/n on input line 50.
LaTeX Font Info:    Overwriting math alphabet `\mathtt' in version `bold'
(Font)                  OT1/cmtt/m/n --> OT1/txtt/m/n on input line 50.
LaTeX Font Info:    Overwriting math alphabet `\mathtt' in version `bold'
(Font)                  OT1/txtt/m/n --> OT1/txtt/b/n on input line 51.
LaTeX Font Info:    Redeclaring symbol font `letters' on input line 58.
LaTeX Font Info:    Overwriting symbol font `letters' in version `normal'
(Font)                  OML/cmm/m/it --> OML/txmi/m/it on input line 58.
LaTeX Font Info:    Overwriting symbol font `letters' in version `bold'
(Font)                  OML/cmm/b/it --> OML/txmi/m/it on input line 58.
LaTeX Font Info:    Overwriting symbol font `letters' in version `bold'
(Font)                  OML/txmi/m/it --> OML/txmi/bx/it on input line 59.
\symlettersA=\mathgroup7
LaTeX Font Info:    Overwriting symbol font `lettersA' in version `bold'
(Font)                  U/txmia/m/it --> U/txmia/bx/it on input line 67.
LaTeX Font Info:    Redeclaring math alphabet \mathfrak on input line 70.
LaTeX Font Info:    Redeclaring symbol font `symbols' on input line 77.
LaTeX Font Info:    Overwriting symbol font `symbols' in version `normal'
(Font)                  OMS/cmsy/m/n --> OMS/txsy/m/n on input line 77.
LaTeX Font Info:    Overwriting symbol font `symbols' in version `bold'
(Font)                  OMS/cmsy/b/n --> OMS/txsy/m/n on input line 77.
LaTeX Font Info:    Overwriting symbol font `symbols' in version `bold'
(Font)                  OMS/txsy/m/n --> OMS/txsy/bx/n on input line 78.
LaTeX Font Info:    Redeclaring symbol font `AMSa' on input line 93.
LaTeX Font Info:    Overwriting symbol font `AMSa' in version `normal'
(Font)                  U/msa/m/n --> U/txsya/m/n on input line 93.
LaTeX Font Info:    Overwriting symbol font `AMSa' in version `bold'
(Font)                  U/msa/m/n --> U/txsya/m/n on input line 93.
LaTeX Font Info:    Overwriting symbol font `AMSa' in version `bold'
(Font)                  U/txsya/m/n --> U/txsya/bx/n on input line 94.
LaTeX Font Info:    Redeclaring symbol font `AMSb' on input line 102.
LaTeX Font Info:    Overwriting symbol font `AMSb' in version `normal'
(Font)                  U/msb/m/n --> U/txsyb/m/n on input line 102.
LaTeX Font Info:    Overwriting symbol font `AMSb' in version `bold'
(Font)                  U/msb/m/n --> U/txsyb/m/n on input line 102.
LaTeX Font Info:    Overwriting symbol font `AMSb' in version `bold'
(Font)                  U/txsyb/m/n --> U/txsyb/bx/n on input line 103.
\symsymbolsC=\mathgroup8
LaTeX Font Info:    Overwriting symbol font `symbolsC' in version `bold'
(Font)                  U/txsyc/m/n --> U/txsyc/bx/n on input line 113.
LaTeX Font Info:    Redeclaring symbol font `largesymbols' on input line 120.
LaTeX Font Info:    Overwriting symbol font `largesymbols' in version `normal'
(Font)                  OMX/cmex/m/n --> OMX/txex/m/n on input line 120.
LaTeX Font Info:    Overwriting symbol font `largesymbols' in version `bold'
(Font)                  OMX/cmex/m/n --> OMX/txex/m/n on input line 120.
LaTeX Font Info:    Overwriting symbol font `largesymbols' in version `bold'
(Font)                  OMX/txex/m/n --> OMX/txex/bx/n on input line 121.
\symlargesymbolsA=\mathgroup9
LaTeX Font Info:    Overwriting symbol font `largesymbolsA' in version `bold'
(Font)                  U/txexa/m/n --> U/txexa/bx/n on input line 129.
LaTeX Info: Redefining \not on input line 1043.
) (/home/jasonleakey/software/texlive/2011/texmf-dist/tex/latex/tools/bm.sty
Package: bm 2004/02/26 v1.1c Bold Symbol Support (DPC/FMi)
\symboldoperators=\mathgroup10
\symboldletters=\mathgroup11
\symboldsymbols=\mathgroup12
\symboldlargesymbols=\mathgroup13
LaTeX Font Info:    Redeclaring math alphabet \mathbf on input line 138.
LaTeX Info: Redefining \bm on input line 204.
)
(/home/jasonleakey/software/texlive/2011/texmf-dist/tex/latex/ntheorem/ntheorem
.sty
Style `ntheorem', Version 1.31 <2011/02/16>
Package: ntheorem 2011/02/16 1.31
(/home/jasonleakey/software/texlive/2011/texmf-dist/tex/latex/base/ifthen.sty
Package: ifthen 2001/05/26 v1.1c Standard LaTeX ifthen package (DPC)
)
\theorem@style=\toks25
\theorem@@style=\toks26
\theorembodyfont=\toks27
\theoremnumbering=\toks28
\theorempreskipamount=\skip113
\theorempostskipamount=\skip114
\theoremframepreskipamount=\skip115
\theoremframepostskipamount=\skip116
\theoremindent=\dimen158
\theorem@indent=\dimen159
\theoremheaderfont=\toks29
\theoremseparator=\toks30
\theoremprework=\toks31
\theorempostwork=\toks32
\theoremsymbol=\toks33
\qedsymbol=\toks34
\theoremkeyword=\toks35
\qedsymbol=\toks36
\thm@topsepadd=\skip117
Package ntheorem Info: Option `thmmarks' loaded on input line 1066.
\c@endNonectr=\count126
\c@currNonectr=\count127
\mysavskip=\skip118
Package ntheorem Info: option `amsmath' handling for `thmmarks' loaded on input
 line 1066.
\thm@amstmpdepth=\dimen160
\tagwidth=\dimen161
)
(/home/jasonleakey/software/texlive/2011/texmf-dist/tex/latex/hyperref/hyperref
.sty
Package: hyperref 2011/04/17 v6.82g Hypertext links for LaTeX

(/home/jasonleakey/software/texlive/2011/texmf-dist/tex/generic/oberdiek/hobsub
-hyperref.sty
Package: hobsub-hyperref 2011/04/23 v1.4 Bundle oberdiek, subset hyperref (HO)

(/home/jasonleakey/software/texlive/2011/texmf-dist/tex/generic/oberdiek/hobsub
-generic.sty
Package: hobsub-generic 2011/04/23 v1.4 Bundle oberdiek, subset generic (HO)
Package: hobsub 2011/04/23 v1.4 Subsetting bundle oberdiek (HO)
Package: infwarerr 2010/04/08 v1.3 Providing info/warning/message (HO)
Package: ltxcmds 2011/04/18 v1.20 LaTeX kernel commands for general use (HO)
Package: ifluatex 2010/03/01 v1.3 Provides the ifluatex switch (HO)
Package ifluatex Info: LuaTeX not detected.
Package hobsub Info: Skipping package `ifvtex' (already loaded).
Package: intcalc 2007/09/27 v1.1 Expandable integer calculations (HO)
Package hobsub Info: Skipping package `ifpdf' (already loaded).
Package: etexcmds 2011/02/16 v1.5 Prefix for e-TeX command names (HO)
Package etexcmds Info: Could not find \expanded.
(etexcmds)             That can mean that you are not using pdfTeX 1.50 or
(etexcmds)             that some package has redefined \expanded.
(etexcmds)             In the latter case, load this package earlier.
Package: kvsetkeys 2011/04/07 v1.13 Key value parser (HO)
Package: kvdefinekeys 2011/04/07 v1.3 Defining keys (HO)
Package: pdftexcmds 2011/04/22 v0.16 Utilities of pdfTeX for LuaTeX (HO)
Package pdftexcmds Info: LuaTeX not detected.
Package pdftexcmds Info: pdfTeX >= 1.30 not detected.
Package pdftexcmds Info: \pdf@primitive is available.
Package pdftexcmds Info: \pdf@ifprimitive is available.
Package pdftexcmds Info: \pdfdraftmode not found.
Package: pdfescape 2011/04/04 v1.12 Provides string conversions (HO)
Package: bigintcalc 2011/01/30 v1.2 Expandable big integer calculations (HO)
Package: bitset 2011/01/30 v1.1 Data type bit set (HO)
Package: uniquecounter 2011/01/30 v1.2 Provides unlimited unique counter (HO)
)
Package hobsub Info: Skipping package `hobsub' (already loaded).
Package: letltxmacro 2010/09/02 v1.4 Let assignment for LaTeX macros (HO)
Package: hopatch 2011/01/30 v1.0 Wrapper for package hooks (HO)
Package: xcolor-patch 2011/01/30 xcolor patch
Package: atveryend 2011/04/23 v1.7 Hooks at very end of document (HO)
Package atveryend Info: \enddocument detected (standard).
Package: atbegshi 2011/01/30 v1.15 At begin shipout hook (HO)
Package: refcount 2010/12/01 v3.2 Data extraction from references (HO)
Package: hycolor 2011/01/30 v1.7 Color options of hyperref/bookmark (HO)
)
(/home/jasonleakey/software/texlive/2011/texmf-dist/tex/latex/oberdiek/kvoption
s.sty
Package: kvoptions 2010/12/23 v3.10 Keyval support for LaTeX options (HO)
)
\@linkdim=\dimen162
\Hy@linkcounter=\count128
\Hy@pagecounter=\count129

(/home/jasonleakey/software/texlive/2011/texmf-dist/tex/latex/hyperref/pd1enc.d
ef
File: pd1enc.def 2011/04/17 v6.82g Hyperref: PDFDocEncoding definition (HO)
)
\Hy@SavedSpaceFactor=\count130

(/home/jasonleakey/software/texlive/2011/texmf-dist/tex/xelatex/xetexconfig/hyp
erref.cfg
File: hyperref.cfg 2008/07/11 v1.2 hyperref configuration for XeLaTeX
)
Package hyperref Info: Option `bookmarksnumbered' set `true' on input line 3905
.
Package hyperref Info: Option `bookmarksopen' set `true' on input line 3905.
Package hyperref Info: Option `colorlinks' set `false' on input line 3905.
Package hyperref Info: Option `breaklinks' set `true' on input line 3905.
Package hyperref Info: Option `naturalnames' set `true' on input line 3905.
Package hyperref Info: Hyper figures OFF on input line 4026.
Package hyperref Info: Link nesting OFF on input line 4031.
Package hyperref Info: Hyper index ON on input line 4034.
Package hyperref Info: Plain pages OFF on input line 4041.
Package hyperref Info: Backreferencing OFF on input line 4046.
Package hyperref Info: Implicit mode ON; LaTeX internals redefined.
Package hyperref Info: Bookmarks ON on input line 4264.
\c@Hy@tempcnt=\count131

(/home/jasonleakey/software/texlive/2011/texmf-dist/tex/latex/url/url.sty
\Urlmuskip=\muskip11
Package: url 2006/04/12  ver 3.3  Verb mode for urls, etc.
)
LaTeX Info: Redefining \url on input line 4617.
\Fld@menulength=\count132
\Field@Width=\dimen163
\Fld@charsize=\dimen164
Package hyperref Info: Hyper figures OFF on input line 5701.
Package hyperref Info: Link nesting OFF on input line 5706.
Package hyperref Info: Hyper index ON on input line 5709.
Package hyperref Info: backreferencing OFF on input line 5716.
Package hyperref Info: Link coloring OFF on input line 5721.
Package hyperref Info: Link coloring with OCG OFF on input line 5726.
Package hyperref Info: PDF/A mode OFF on input line 5731.
LaTeX Info: Redefining \ref on input line 5771.
LaTeX Info: Redefining \pageref on input line 5775.
\Hy@abspage=\count133
\c@Item=\count134
)

Package hyperref Message: Driver: hxetex.


(/home/jasonleakey/software/texlive/2011/texmf-dist/tex/latex/hyperref/hxetex.d
ef
File: hxetex.def 2011/04/17 v6.82g Hyperref driver for XeTeX

(/home/jasonleakey/software/texlive/2011/texmf-dist/tex/latex/hyperref/puenc.de
f
File: puenc.def 2011/04/17 v6.82g Hyperref: PDF Unicode definition (HO)
)
(/home/jasonleakey/software/texlive/2011/texmf-dist/tex/generic/oberdiek/string
enc.sty
Package: stringenc 2010/03/01 v1.8 Converts strings between encodings (HO)
)
\pdfm@box=\box33
\c@Hy@AnnotLevel=\count135
\HyField@AnnotCount=\count136
\Fld@listcount=\count137
\c@bookmark@seq@number=\count138

(/home/jasonleakey/software/texlive/2011/texmf-dist/tex/latex/oberdiek/rerunfil
echeck.sty
Package: rerunfilecheck 2011/04/15 v1.7 Rerun checks for auxiliary files (HO)
Package rerunfilecheck Info: Feature \pdfmdfivesum is not available
(rerunfilecheck)             (e.g. pdfTeX or LuaTeX with package `pdftexcmds').

(rerunfilecheck)             Therefore file contents cannot be checked efficien
tly
(rerunfilecheck)             and the loading of the package is aborted.
)
\Hy@SectionHShift=\skip119
)
(/home/jasonleakey/software/texlive/2011/texmf-dist/tex/latex/algorithm2e/algor
ithm2e.sty
Invalid UTF-8 byte or sequence at line 322 replaced by U+FFFD.
Package: algorithm2e 2008/00/00 v3.10 algorithms environments
\c@AlgoLine=\count139
Invalid UTF-8 byte or sequence at line 778 replaced by U+FFFD.
Invalid UTF-8 byte or sequence at line 780 replaced by U+FFFD.

(/home/jasonleakey/software/texlive/2011/texmf-dist/tex/latex/tools/xspace.sty
Package: xspace 2006/05/08 v1.12 Space after command names (DPC,MH)
)
(/home/jasonleakey/software/texlive/2011/texmf-dist/tex/latex/relsize/relsize.s
ty
Package: relsize 2003/07/04 ver 3.1
)
********************************************************
Package `algorithm2e' Release 4.01 -- december 14 2009 --
- algorithm2e-announce@lirmm.fr mailing list for announcement about releases
- algorithm2e-discussion@lirmm.fr mailing list for discussion about package
subscribe by emailing sympa@lirmm.fr with 'subscribe <list> <firstname name>'
- Author: Christophe Fiorio (fiorio@lirmm.fr)
********************************************************
\skiptotal=\skip120
\skiplinenumber=\skip121
\skiprule=\skip122
\skiphlne=\skip123
\skiptext=\skip124
\skiplength=\skip125
\algomargin=\skip126
\skipalgocfslide=\skip127
\algowidth=\dimen165
\inoutsize=\dimen166
\inoutline=\dimen167
\interspacetitleruled=\dimen168
\interspacealgoruled=\dimen169
\interspacetitleboxruled=\dimen170
\algocf@inoutbox=\box34
\algocf@inputbox=\box35
\AlCapSkip=\skip128
\AlCapHSkip=\skip129
\algocf@nlbox=\box36
\algocf@hangingbox=\box37
\algocf@capbox=\box38
\algoheightruledefault=\skip130
\algoheightrule=\skip131
\algotitleheightruledefault=\skip132
\algotitleheightrule=\skip133
\c@algocfline=\count140
\c@algocfproc=\count141
\c@algocf=\count142
\algocf@algoframe=\box39
\algocf@algobox=\box40
Invalid UTF-8 byte or sequence at line 2420 replaced by U+FFFD.
Invalid UTF-8 byte or sequence at line 2501 replaced by U+FFFD.
Invalid UTF-8 byte or sequence at line 2509 replaced by U+FFFD.
Invalid UTF-8 byte or sequence at line 2509 replaced by U+FFFD.
Invalid UTF-8 byte or sequence at line 2532 replaced by U+FFFD.
Invalid UTF-8 byte or sequence at line 2584 replaced by U+FFFD.
Invalid UTF-8 byte or sequence at line 2592 replaced by U+FFFD.
Invalid UTF-8 byte or sequence at line 2592 replaced by U+FFFD.
)
(/home/jasonleakey/software/texlive/2011/texmf-dist/tex/latex/algorithms/algori
thmic.sty
Invalid UTF-8 byte or sequence at line 11 replaced by U+FFFD.
Package: algorithmic 2009/08/24 v0.1 Document Style `algorithmic'
\c@ALC@unique=\count143
\c@ALC@line=\count144
\c@ALC@rem=\count145
\c@ALC@depth=\count146
\ALC@tlm=\skip134
\algorithmicindent=\skip135
) (/home/jasonleakey/.texmf/tex/latex/zhfontcfg/zhfontcfg.sty
Package: zhfontcfg 

(/home/jasonleakey/software/texlive/2011/texmf-dist/tex/latex/fontspec/fontspec
.sty
Package: fontspec 2011/02/26 v2.1f Advanced font selection for XeLaTeX/LuaLaTeX


(/home/jasonleakey/software/texlive/2011/texmf-dist/tex/latex/expl3/expl3.sty
(/home/jasonleakey/software/texlive/2011/texmf-dist/tex/latex/expl3/l3names.sty
Package: l3names 2011/01/08 v2122 L3 Experimental Naming Scheme for TeX Primiti
ves
)
Package: expl3 2011/04/09 v2222 L3 Experimental code bundle wrapper

(/home/jasonleakey/software/texlive/2011/texmf-dist/tex/latex/etex-pkg/etex.sty
Package: etex 1998/03/26 v2.0 eTeX basic definition package (PEB)
\et@xins=\count147
)
(/home/jasonleakey/software/texlive/2011/texmf-dist/tex/latex/expl3/l3basics.st
y
Package: l3basics 2011/04/23 v2246 L3 Experimental basic definitions
)
(/home/jasonleakey/software/texlive/2011/texmf-dist/tex/latex/expl3/l3expan.sty
Package: l3expan 2011/04/09 v2223 L3 Experimental Argument Expansion module
) (/home/jasonleakey/software/texlive/2011/texmf-dist/tex/latex/expl3/l3tl.sty
Package: l3tl 2011/04/09 v2223 L3 Experimental Token Lists
) (/home/jasonleakey/software/texlive/2011/texmf-dist/tex/latex/expl3/l3int.sty
Package: l3int 2011/04/11 v2229 L3 Experimental Integer module
\l_tmpa_int=\count148
\l_tmpb_int=\count149
\l_tmpc_int=\count150
\g_tmpa_int=\count151
\g_tmpb_int=\count152
\c_max_int=\count153
\g_tl_inline_level_int=\count154
\g_prg_inline_level_int=\count155
)
(/home/jasonleakey/software/texlive/2011/texmf-dist/tex/latex/expl3/l3quark.sty
Package: l3quark 2011/04/14 v2234 L3 Experimental Quark Commands
) (/home/jasonleakey/software/texlive/2011/texmf-dist/tex/latex/expl3/l3seq.sty
Package: l3seq 2011/04/21 v2245 The LaTeX3 kernel: sequences and stacks
\g_seq_nesting_depth_int=\count156
)
(/home/jasonleakey/software/texlive/2011/texmf-dist/tex/latex/expl3/l3toks.sty
Package: l3toks 2011/04/09 v2223 L3 Experimental Token Registers
\l_tmpb_toks=\toks37
\l_tmpc_toks=\toks38
\g_tmpa_toks=\toks39
\g_tmpb_toks=\toks40
\g_tmpc_toks=\toks41
\c_empty_toks=\toks42
\l_tl_replace_toks=\toks43
) (/home/jasonleakey/software/texlive/2011/texmf-dist/tex/latex/expl3/l3prg.sty
Package: l3prg 2011/04/09 v2223 L3 Experimental control structures
)
(/home/jasonleakey/software/texlive/2011/texmf-dist/tex/latex/expl3/l3clist.sty
Package: l3clist 2011/04/09 v2223 L3 Experimental comma separated lists
\g_clist_map_inline_int=\count157
)
(/home/jasonleakey/software/texlive/2011/texmf-dist/tex/latex/expl3/l3token.sty
Package: l3token 2011/04/09 v2223 L3 Experimental token investigation and manip
ulation
)
(/home/jasonleakey/software/texlive/2011/texmf-dist/tex/latex/expl3/l3prop.sty
Package: l3prop 2011/04/09 v2223 L3 Experimental Property Lists
\g_prop_inline_level_int=\count158
) (/home/jasonleakey/software/texlive/2011/texmf-dist/tex/latex/expl3/l3msg.sty
Package: l3msg 2010/10/02 v2052 L3 Experimental LaTeX Messages module
\l_msg_redirect_classes_prop=\toks44
\l_msg_redirect_names_prop=\toks45
\l_msg_redirect_fatal_prop=\toks46
\l_msg_redirect_error_prop=\toks47
\l_msg_redirect_warning_prop=\toks48
\l_msg_redirect_info_prop=\toks49
\l_msg_redirect_log_prop=\toks50
\l_msg_redirect_trace_prop=\toks51
\l_msg_redirect_none_prop=\toks52
) (/home/jasonleakey/software/texlive/2011/texmf-dist/tex/latex/expl3/l3io.sty
Package: l3io 2010/10/03 v2063 L3 Experimental i/o module
\g_iow_streams_prop=\toks53
\g_ior_streams_prop=\toks54
\l_iow_stream_int=\count159
)
(/home/jasonleakey/software/texlive/2011/texmf-dist/tex/latex/expl3/l3skip.sty
Package: l3skip 2011/02/15 v2149 L3 Experimental skip registers
\l_tmpa_skip=\skip136
\l_tmpb_skip=\skip137
\l_tmpc_skip=\skip138
\g_tmpa_skip=\skip139
\g_tmpb_skip=\skip140
\l_tmpa_dim=\dimen171
\l_tmpb_dim=\dimen172
\l_tmpc_dim=\dimen173
\l_tmpd_dim=\dimen174
\g_tmpa_dim=\dimen175
\g_tmpb_dim=\dimen176
) (/home/jasonleakey/software/texlive/2011/texmf-dist/tex/latex/expl3/l3box.sty
Package: l3box 2011/04/09 v2223 L3 Experimental Box module
\l_tmpb_box=\box41
)
(/home/jasonleakey/software/texlive/2011/texmf-dist/tex/latex/expl3/l3keyval.st
y
Package: l3keyval 2011/04/09 v2223 L3 Experimental keyval processing
\l_KV_level_int=\count160
)
(/home/jasonleakey/software/texlive/2011/texmf-dist/tex/latex/expl3/l3keys.sty
Package: l3keys 2010/11/11 v2082 L3 Experimental key-value support
\l_keys_choice_int=\count161
)
(/home/jasonleakey/software/texlive/2011/texmf-dist/tex/latex/expl3/l3precom.st
y
Package: l3precom 2011/04/09 v2223 L3 Experimental precompilation module
\g_gen_sym_int=\count162
\g_ggen_sym_int=\count163
)
(/home/jasonleakey/software/texlive/2011/texmf-dist/tex/latex/expl3/l3xref.sty
Package: l3xref 2011/04/09 v2223 L3 Experimental cross referencing
\g_xref_all_curr_immediate_fields_prop=\toks55
\g_xref_all_curr_deferred_fields_prop=\toks56
) (/home/jasonleakey/software/texlive/2011/texmf-dist/tex/latex/expl3/l3file.st
y
Package: l3file 2011/04/21 v2242 The LaTeX3 kernel: file operations
) (/home/jasonleakey/software/texlive/2011/texmf-dist/tex/latex/expl3/l3fp.sty
Package: l3fp 2011/03/19 v2201 L3 Experimental floating-point operations
\c_one_million=\count164
\c_one_hundred_million=\count165
\c_five_hundred_million=\count166
\c_one_thousand_million=\count167
\c_fp_pi_by_four_decimal_int=\count168
\c_fp_pi_by_four_extended_int=\count169
\c_fp_pi_decimal_int=\count170
\c_fp_pi_extended_int=\count171
\c_fp_two_pi_decimal_int=\count172
\c_fp_two_pi_extended_int=\count173
\l_fp_count_int=\count174
\l_fp_div_offset_int=\count175
\l_fp_exp_integer_int=\count176
\l_fp_exp_decimal_int=\count177
\l_fp_exp_extended_int=\count178
\l_fp_exp_exponent_int=\count179
\l_fp_input_a_sign_int=\count180
\l_fp_input_a_integer_int=\count181
\l_fp_input_a_decimal_int=\count182
\l_fp_input_a_exponent_int=\count183
\l_fp_input_b_sign_int=\count184
\l_fp_input_b_integer_int=\count185
\l_fp_input_b_decimal_int=\count186
\l_fp_input_b_exponent_int=\count187
\l_fp_input_a_extended_int=\count188
\l_fp_input_b_extended_int=\count189
\l_fp_mul_a_i_int=\count190
\l_fp_mul_a_ii_int=\count191
\l_fp_mul_a_iii_int=\count192
\l_fp_mul_a_iv_int=\count193
\l_fp_mul_a_v_int=\count194
\l_fp_mul_a_vi_int=\count195
\l_fp_mul_b_i_int=\count196
\l_fp_mul_b_ii_int=\count197
\l_fp_mul_b_iii_int=\count198
\l_fp_mul_b_iv_int=\count199
\l_fp_mul_b_v_int=\count200
\l_fp_mul_b_vi_int=\count201
Normal \count register pool exhausted, switching to extended pool.
\l_fp_mul_output_int=\count277
\l_fp_output_sign_int=\count278
\l_fp_output_integer_int=\count279
\l_fp_output_decimal_int=\count280
\l_fp_output_exponent_int=\count281
\l_fp_output_extended_int=\count282
\l_fp_round_position_int=\count283
\l_fp_round_target_int=\count284
\l_fp_split_sign_int=\count285
\l_fp_tmp_int=\count286
\l_fp_trig_octant_int=\count287
\l_fp_trig_sign_int=\count288
\l_fp_trig_decimal_int=\count289
\l_fp_trig_extended_int=\count290
\l_fp_tmp_dim=\dimen177
\l_fp_tmp_skip=\skip141
)
(/home/jasonleakey/software/texlive/2011/texmf-dist/tex/latex/expl3/l3luatex.st
y
Package: l3luatex 2010/07/18 v1985 L3 Experimental LuaTeX functions
\g_cctab_allocate_int=\count291
\g_cctab_stack_int=\count292
))
(/home/jasonleakey/software/texlive/2011/texmf-dist/tex/latex/xpackages/xbase/x
parse.sty
Package: xparse 2011/04/08 v2219 Generic document command parser
\c_xparse_shorthands_prop=\toks57
\l_xparse_m_args_int=\count293
\l_xparse_mandatory_args_int=\count294
\l_xparse_processor_int=\count295
\l_xparse_total_args_int=\count296
)
(/home/jasonleakey/software/texlive/2011/texmf-dist/tex/generic/kastrup/binhex.
tex)
\l_fontspec_script_int=\count297
\l_fontspec_language_int=\count298
\l_fontspec_strnum_int=\count299
Variant \tl_gset:cV already defined; not changing it on line 83

(/home/jasonleakey/software/texlive/2011/texmf-dist/tex/latex/xkeyval/xkeyval.s
ty
Package: xkeyval 2008/08/13 v2.6a package option processing (HA)

(/home/jasonleakey/software/texlive/2011/texmf-dist/tex/generic/xkeyval/xkeyval
.tex
\XKV@toks=\toks58
\XKV@tempa@toks=\toks59
\XKV@depth=\count300
File: xkeyval.tex 2008/08/13 v2.6a key=value parser (HA)
))
(/home/jasonleakey/software/texlive/2011/texmf-dist/tex/latex/fontspec/fontspec
-patches.sty
Package: fontspec-patches 2011/02/26 v2.1f Advanced font selection for XeLaTeX/
LuaLaTeX

(/home/jasonleakey/software/texlive/2011/texmf-dist/tex/latex/base/fixltx2e.sty
Package: fixltx2e 2006/09/13 v1.1m fixes to LaTeX
LaTeX Info: Redefining \em on input line 420.
LaTeX Info: The control sequence `\[' is already robust on input line 471.
LaTeX Info: The control sequence `\]' is already robust on input line 472.
)
LaTeX Info: Redefining \em on input line 22.
LaTeX Info: Redefining \emph on input line 29.
LaTeX Info: Redefining \- on input line 32.
)
(/home/jasonleakey/software/texlive/2011/texmf-dist/tex/latex/base/fontenc.sty
Package: fontenc 2005/09/27 v1.99g Standard LaTeX package

(/home/jasonleakey/software/texlive/2011/texmf-dist/tex/latex/euenc/eu1enc.def
File: eu1enc.def 2010/05/27 v0.1h Experimental Unicode font encodings
)
LaTeX Font Info:    Try loading font information for EU1+lmr on input line 100.

(/home/jasonleakey/software/texlive/2011/texmf-dist/tex/latex/euenc/eu1lmr.fd
File: eu1lmr.fd 2009/10/30 v1.6 Font defs for Latin Modern
))
(/home/jasonleakey/software/texlive/2011/texmf-dist/tex/xelatex/xunicode/xunico
de.sty
File: xunicode.sty 2010/11/06 v0.96 provides access to latin accents and many o
ther characters in Unicode lower plane
)
 LaTeX info: Defining document command \fontspec
(LaTeX)  with arg. spec. 'O{}m' on line 335.

 LaTeX info: Defining document command \setmainfont
(LaTeX)  with arg. spec. 'O{}m' on line 339.

 LaTeX info: Defining document command \setsansfont
(LaTeX)  with arg. spec. 'O{}m' on line 343.

 LaTeX info: Defining document command \setmonofont
(LaTeX)  with arg. spec. 'O{}m' on line 347.

 LaTeX info: Defining document command \setmathrm
(LaTeX)  with arg. spec. 'O{}m' on line 351.

 LaTeX info: Defining document command \setboldmathrm
(LaTeX)  with arg. spec. 'O{}m' on line 354.

 LaTeX info: Defining document command \setmathsf
(LaTeX)  with arg. spec. 'O{}m' on line 357.

 LaTeX info: Defining document command \setmathtt
(LaTeX)  with arg. spec. 'O{}m' on line 360.

 LaTeX info: Defining document command \newfontfamily
(LaTeX)  with arg. spec. 'mO{}m' on line 377.

 LaTeX info: Defining document command \newfontface
(LaTeX)  with arg. spec. 'mO{}m' on line 380.

 LaTeX info: Defining document command \defaultfontfeatures
(LaTeX)  with arg. spec. 'm' on line 383.

 LaTeX info: Defining document command \addfontfeatures
(LaTeX)  with arg. spec. 'm' on line 400.

 LaTeX info: Defining document command \newfontfeature
(LaTeX)  with arg. spec. 'mm' on line 407.

 LaTeX info: Defining document command \newAATfeature
(LaTeX)  with arg. spec. 'mmmm' on line 416.

 LaTeX info: Defining document command \newICUfeature
(LaTeX)  with arg. spec. 'mmm' on line 425.

 LaTeX info: Defining document command \aliasfontfeature
(LaTeX)  with arg. spec. 'mm' on line 427.

 LaTeX info: Defining document command \aliasfontfeatureoption
(LaTeX)  with arg. spec. 'mmm' on line 430.

 LaTeX info: Defining document command \newfontscript
(LaTeX)  with arg. spec. 'mm' on line 435.

 LaTeX info: Defining document command \newfontlanguage
(LaTeX)  with arg. spec. 'mm' on line 457.

 LaTeX info: Defining document command \DeclareFontsExtensions
(LaTeX)  with arg. spec. 'm' on line 474.

\c@fontspec_tmp_int=\count301
LaTeX Info: Redefining \itshape on input line 2105.
LaTeX Info: Redefining \slshape on input line 2109.
LaTeX Info: Redefining \scshape on input line 2113.
LaTeX Info: Redefining \upshape on input line 2117.

(/home/jasonleakey/software/texlive/2011/texmf-dist/tex/latex/fontspec/fontspec
.cfg))
(/home/jasonleakey/software/texlive/2011/texmf-dist/tex/xelatex/xecjk/xeCJK.sty
Package: xeCJK 2011/05/01 2.3.19 package for typesetting CJK scripts with XeLaT
eX
\xeCJK@cnta=\count302
\xeCJK@cntb=\count303
\xeCJK@cntc=\count304
\xeCJK@cntd=\count305
\xeCJK@cnte=\count306
\xeCJK@dima=\dimen178
LaTeX Info: Redefining \normalfont on input line 853.
LaTeX Info: Redefining \rmfamily on input line 862.
LaTeX Info: Redefining \sffamily on input line 866.
LaTeX Info: Redefining \ttfamily on input line 870.
\xeCJK@featureadded=\count307
)
(/home/jasonleakey/software/texlive/2011/texmf-dist/tex/latex/xltxtra/xltxtra.s
ty
Package: xltxtra 2010/09/20 v0.5e Improvements for the "XeLaTeX" format

(/home/jasonleakey/software/texlive/2011/texmf-dist/tex/latex/realscripts/reals
cripts.sty
Package: realscripts 2010/09/30 v0.3 Access OpenType subscripts and superscript
s
 LaTeX info: Defining document command \fakesubscript
(LaTeX)  with arg. spec. 'm' on line 19.

 LaTeX info: Defining document command \fakesuperscript
(LaTeX)  with arg. spec. 'm' on line 22.

 LaTeX info: Redefining document command \textsubscript
(LaTeX)  with arg. spec. 's' on line 25.

 LaTeX info: Redefining document command \textsuperscript
(LaTeX)  with arg. spec. 's' on line 28.

 LaTeX info: Defining document command \realsubscript
(LaTeX)  with arg. spec. 'm' on line 45.

 LaTeX info: Defining document command \realsuperscript
(LaTeX)  with arg. spec. 'm' on line 60.

 LaTeX info: Defining document command \textsubsuperscript
(LaTeX)  with arg. spec. 'sO{l}mm' on line 137.

 LaTeX info: Defining document command \textsupersubscript
(LaTeX)  with arg. spec. 'sO{l}mm' on line 140.

\subsupersep=\dimen179
)
(/home/jasonleakey/software/texlive/2011/texmf-dist/tex/latex/metalogo/metalogo
.sty
Package: metalogo 2010/05/29 v0.12 Extended TeX logo macros
\xl@everylogo=\toks60
\xl@@everylogo=\toks61
LaTeX Info: Redefining \TeX on input line 193.
LaTeX Info: Redefining \LaTeX on input line 202.
LaTeX Info: Redefining \LaTeXe on input line 219.
)
\xxt@tempbox=\box42
)
\g_fontspec_family_Times New Roman_int=\count308
 fontspec info: Defining font family 'TimesNewRoman(0)' for font 'Times New Rom
an' with options [Mapping=tex-text,SmallCapsFont={Times SC}].

\g_fontspec_TimesNewRoman(0)_prop=\toks62
 fontspec info: Defining shape 'normal' with NFSS spec.:
(fontspec)  <->"Times New Roman/ICU:script=latn;language=DFLT;mapping=tex-text;
"

 fontspec info: Defining shape 'small caps' with NFSS spec.:
(fontspec)  <->"Times SC/ICU:script=latn;language=DFLT;mapping=tex-text;"

 fontspec info: Defining shape 'bold' with NFSS spec.:
(fontspec)  <->"Times New Roman/B/ICU:script=latn;language=DFLT;mapping=tex-tex
t;"

 fontspec info: Defining shape 'bold small caps' with NFSS spec.:
(fontspec)  <->"Times SC/ICU:script=latn;language=DFLT;mapping=tex-text;"

 fontspec info: Defining shape 'italic' with NFSS spec.:
(fontspec)  <->"Times New Roman/I/ICU:script=latn;language=DFLT;mapping=tex-tex
t;"

 fontspec info: Defining shape 'italic small caps' with NFSS spec.:
(fontspec)  <->"Times SC/ICU:script=latn;language=DFLT;mapping=tex-text;"

 fontspec info: Defining shape 'bold italic' with NFSS spec.:
(fontspec)  <->"Times New Roman/BI/ICU:script=latn;language=DFLT;mapping=tex-te
xt;"

 fontspec info: Defining shape 'bold italic small caps' with NFSS spec.:
(fontspec)  <->"Times SC/ICU:script=latn;language=DFLT;mapping=tex-text;"

\g_fontspec_family_Arial_int=\count309
 fontspec info: Defining font family 'Arial(0)' for font 'Arial' with options [
Mapping=tex-text,].

\g_fontspec_Arial(0)_prop=\toks63
 fontspec info: Defining shape 'normal' with NFSS spec.:
(fontspec)  <->"Arial/ICU:script=latn;language=DFLT;mapping=tex-text;"

 fontspec info: Defining shape 'bold' with NFSS spec.:
(fontspec)  <->"Arial/B/ICU:script=latn;language=DFLT;mapping=tex-text;"

 fontspec info: Defining shape 'italic' with NFSS spec.:
(fontspec)  <->"Arial/I/ICU:script=latn;language=DFLT;mapping=tex-text;"

 fontspec info: Defining shape 'bold italic' with NFSS spec.:
(fontspec)  <->"Arial/BI/ICU:script=latn;language=DFLT;mapping=tex-text;"

\g_fontspec_family_Courier New_int=\count310
 fontspec info: Defining font family 'CourierNew(0)' for font 'Courier New' wit
h options [Mapping=tex-text,].

\g_fontspec_CourierNew(0)_prop=\toks64
 fontspec info: Defining shape 'normal' with NFSS spec.:
(fontspec)  <->"Courier New/ICU:script=latn;language=DFLT;mapping=tex-text;"

 fontspec info: Defining shape 'bold' with NFSS spec.:
(fontspec)  <->"Courier New/B/ICU:script=latn;language=DFLT;mapping=tex-text;"

 fontspec info: Defining shape 'italic' with NFSS spec.:
(fontspec)  <->"Courier New/I/ICU:script=latn;language=DFLT;mapping=tex-text;"

 fontspec info: Defining shape 'bold italic' with NFSS spec.:
(fontspec)  <->"Courier New/BI/ICU:script=latn;language=DFLT;mapping=tex-text;"


)
(/home/jasonleakey/software/texlive/2011/texmf-dist/tex/latex/setspace/setspace
.sty
Package: setspace 2000/12/01 6.7 Contributed and Supported LaTeX2e package

Package: `setspace' 6.7 <2000/12/01>
) (/home/jasonleakey/software/texlive/2011/texmf-dist/tex/latex/soul/soul.sty
Package: soul 2003/11/17 v2.4 letterspacing/underlining (mf)
\SOUL@word=\toks65
\SOUL@lasttoken=\toks66
\SOUL@cmds=\toks67
\SOUL@buffer=\toks68
\SOUL@token=\toks69
\SOUL@spaceskip=\skip142
\SOUL@ttwidth=\dimen180
\SOUL@uldp=\dimen181
\SOUL@ulht=\dimen182
))
(/home/jasonleakey/software/texlive/2011/texmf-dist/tex/latex/tools/enumerate.s
ty
Package: enumerate 1999/03/05 v3.00 enumerate extensions (DPC)
\@enLab=\toks70
) (./main.aux (./body/chapter1.aux) (./body/chapter2.aux)
(./body/chapter3.aux) (./body/chapter4.aux) (./body/chapter5.aux)
(./body/conclusion.aux) (./reference/refer.aux))
\openout1 = `main.aux'.

LaTeX Font Info:    Checking defaults for OML/txmi/m/it on input line 13.
LaTeX Font Info:    Try loading font information for OML+txmi on input line 13.


(/home/jasonleakey/software/texlive/2011/texmf-dist/tex/latex/txfonts/omltxmi.f
d
File: omltxmi.fd 2000/12/15 v3.1
)
LaTeX Font Info:    ... okay on input line 13.
LaTeX Font Info:    Checking defaults for T1/cmr/m/n on input line 13.
LaTeX Font Info:    ... okay on input line 13.
LaTeX Font Info:    Checking defaults for OT1/cmr/m/n on input line 13.
LaTeX Font Info:    ... okay on input line 13.
LaTeX Font Info:    Checking defaults for OMS/txsy/m/n on input line 13.
LaTeX Font Info:    Try loading font information for OMS+txsy on input line 13.


(/home/jasonleakey/software/texlive/2011/texmf-dist/tex/latex/txfonts/omstxsy.f
d
File: omstxsy.fd 2000/12/15 v3.1
)
LaTeX Font Info:    ... okay on input line 13.
LaTeX Font Info:    Checking defaults for OMX/txex/m/n on input line 13.
LaTeX Font Info:    Try loading font information for OMX+txex on input line 13.


(/home/jasonleakey/software/texlive/2011/texmf-dist/tex/latex/txfonts/omxtxex.f
d
File: omxtxex.fd 2000/12/15 v3.1
)
LaTeX Font Info:    ... okay on input line 13.
LaTeX Font Info:    Checking defaults for U/txexa/m/n on input line 13.
LaTeX Font Info:    Try loading font information for U+txexa on input line 13.

(/home/jasonleakey/software/texlive/2011/texmf-dist/tex/latex/txfonts/utxexa.fd
File: utxexa.fd 2000/12/15 v3.1
)
LaTeX Font Info:    ... okay on input line 13.
LaTeX Font Info:    Checking defaults for PD1/pdf/m/n on input line 13.
LaTeX Font Info:    ... okay on input line 13.
LaTeX Font Info:    Checking defaults for PU/pdf/m/n on input line 13.
LaTeX Font Info:    ... okay on input line 13.
LaTeX Font Info:    Checking defaults for EU1/lmr/m/n on input line 13.
LaTeX Font Info:    ... okay on input line 13.

*geometry* driver: auto-detecting
*geometry* detected driver: xetex
*geometry* verbose mode - [ preamble ] result:
* driver: xetex
* paper: a4paper
* layout: <same size as paper>
* layoutoffset:(h,v)=(0.0pt,0.0pt)
* modes: 
* h-part:(L,W,R)=(85.35826pt, 426.79134pt, 85.35828pt)
* v-part:(T,H,B)=(101.00728pt, 637.34172pt, 106.69785pt)
* \paperwidth=597.50787pt
* \paperheight=845.04684pt
* \textwidth=426.79134pt
* \textheight=637.34172pt
* \oddsidemargin=13.08827pt
* \evensidemargin=13.08827pt
* \topmargin=7.39775pt
* \headheight=14.22636pt
* \headsep=7.11317pt
* \topskip=12.0pt
* \footskip=24.18483pt
* \marginparwidth=47.0pt
* \marginparsep=7.0pt
* \columnsep=10.0pt
* \skip\footins=10.8pt plus 4.0pt minus 2.0pt
* \hoffset=0.0pt
* \voffset=0.0pt
* \mag=1000
* \@twocolumnfalse
* \@twosidefalse
* \@mparswitchfalse
* \@reversemarginfalse
* (1in=72.27pt=25.4mm, 1cm=28.453pt)

Package caption Info: Begin \AtBeginDocument code.
Package caption3 Info: subfig package 1.2 or 1.3 is loaded.
LaTeX Info: Redefining \subref on input line 13.
Package caption Info: hyperref package is loaded.
Package caption Info: End \AtBeginDocument code.
\AtBeginShipoutBox=\box43
Package hyperref Info: Link coloring OFF on input line 13.

(/home/jasonleakey/software/texlive/2011/texmf-dist/tex/latex/hyperref/nameref.
sty
Package: nameref 2010/04/30 v2.40 Cross-referencing by name of section

(/home/jasonleakey/software/texlive/2011/texmf-dist/tex/generic/oberdiek/gettit
lestring.sty
Package: gettitlestring 2010/12/03 v1.4 Cleanup title references (HO)
)
\c@section@level=\count311
)
LaTeX Info: Redefining \ref on input line 13.
LaTeX Info: Redefining \pageref on input line 13.
LaTeX Info: Redefining \nameref on input line 13.
 (./main.out) (./main.out)
\@outlinefile=\write3
\openout3 = `main.out'.

 fontspec info: Adjusting the maths setup (use [no-math] to avoid this).

\symlegacymaths=\mathgroup14
LaTeX Font Info:    Overwriting symbol font `legacymaths' in version `bold'
(Font)                  OT1/cmr/m/n --> OT1/cmr/bx/n on input line 13.
LaTeX Font Info:    Redeclaring math accent \acute on input line 13.
LaTeX Font Info:    Redeclaring math accent \grave on input line 13.
LaTeX Font Info:    Redeclaring math accent \ddot on input line 13.
LaTeX Font Info:    Redeclaring math accent \tilde on input line 13.
LaTeX Font Info:    Redeclaring math accent \bar on input line 13.
LaTeX Font Info:    Redeclaring math accent \breve on input line 13.
LaTeX Font Info:    Redeclaring math accent \check on input line 13.
LaTeX Font Info:    Redeclaring math accent \hat on input line 13.
LaTeX Font Info:    Redeclaring math accent \dot on input line 13.
LaTeX Font Info:    Redeclaring math accent \mathring on input line 13.
LaTeX Font Info:    Redeclaring math symbol \Gamma on input line 13.
LaTeX Font Info:    Redeclaring math symbol \Delta on input line 13.
LaTeX Font Info:    Redeclaring math symbol \Theta on input line 13.
LaTeX Font Info:    Redeclaring math symbol \Lambda on input line 13.
LaTeX Font Info:    Redeclaring math symbol \Xi on input line 13.
LaTeX Font Info:    Redeclaring math symbol \Pi on input line 13.
LaTeX Font Info:    Redeclaring math symbol \Sigma on input line 13.
LaTeX Font Info:    Redeclaring math symbol \Upsilon on input line 13.
LaTeX Font Info:    Redeclaring math symbol \Phi on input line 13.
LaTeX Font Info:    Redeclaring math symbol \Psi on input line 13.
LaTeX Font Info:    Redeclaring math symbol \Omega on input line 13.
LaTeX Font Info:    Redeclaring math symbol \mathdollar on input line 13.
LaTeX Font Info:    Redeclaring symbol font `operators' on input line 13.
LaTeX Font Info:    Encoding `OT1' has changed to `EU1' for symbol font
(Font)              `operators' in the math version `normal' on input line 13.
LaTeX Font Info:    Overwriting symbol font `operators' in version `normal'
(Font)                  OT1/txr/m/n --> EU1/TimesNewRoman(0)/m/n on input line 
13.
LaTeX Font Info:    Encoding `OT1' has changed to `EU1' for symbol font
(Font)              `operators' in the math version `bold' on input line 13.
LaTeX Font Info:    Overwriting symbol font `operators' in version `bold'
(Font)                  OT1/txr/bx/n --> EU1/TimesNewRoman(0)/m/n on input line
 13.
LaTeX Font Info:    Overwriting symbol font `operators' in version `normal'
(Font)                  EU1/TimesNewRoman(0)/m/n --> EU1/TimesNewRoman(0)/m/n o
n input line 13.
LaTeX Font Info:    Overwriting math alphabet `\mathrm' in version `normal'
(Font)                  EU1/TimesNewRoman(0)/m/n --> EU1/TimesNewRoman(0)/m/n o
n input line 13.
LaTeX Font Info:    Overwriting math alphabet `\mathit' in version `normal'
(Font)                  OT1/txr/m/it --> EU1/TimesNewRoman(0)/m/it on input lin
e 13.
LaTeX Font Info:    Overwriting math alphabet `\mathbf' in version `normal'
(Font)                  OT1/txr/bx/n --> EU1/TimesNewRoman(0)/bx/n on input lin
e 13.
LaTeX Font Info:    Overwriting math alphabet `\mathsf' in version `normal'
(Font)                  OT1/txss/m/n --> EU1/Arial(0)/m/n on input line 13.
LaTeX Font Info:    Overwriting math alphabet `\mathtt' in version `normal'
(Font)                  OT1/txtt/m/n --> EU1/CourierNew(0)/m/n on input line 13
.
LaTeX Font Info:    Overwriting symbol font `operators' in version `bold'
(Font)                  EU1/TimesNewRoman(0)/m/n --> EU1/TimesNewRoman(0)/bx/n 
on input line 13.
LaTeX Font Info:    Overwriting math alphabet `\mathrm' in version `bold'
(Font)                  EU1/TimesNewRoman(0)/m/n --> EU1/TimesNewRoman(0)/bx/n 
on input line 13.
LaTeX Font Info:    Overwriting math alphabet `\mathit' in version `bold'
(Font)                  OT1/txr/bx/it --> EU1/TimesNewRoman(0)/bx/it on input l
ine 13.
LaTeX Font Info:    Overwriting math alphabet `\mathsf' in version `bold'
(Font)                  OT1/txss/b/n --> EU1/Arial(0)/bx/n on input line 13.
LaTeX Font Info:    Overwriting math alphabet `\mathtt' in version `bold'
(Font)                  OT1/txtt/b/n --> EU1/CourierNew(0)/bx/n on input line 1
3.
 (./setup/Definition.tex)
(./setup/format.tex
\c@currdefinitionctr=\count312
\c@enddefinitionctr=\count313
\c@definition=\count314
\c@currexamplectr=\count315
\c@endexamplectr=\count316
\c@example=\count317
\c@curralgoctr=\count318
\c@endalgoctr=\count319
\c@algo=\count320
\c@currtheoremctr=\count321
\c@endtheoremctr=\count322
\c@theorem=\count323
\c@curraxiomctr=\count324
\c@endaxiomctr=\count325
\c@axiom=\count326
\c@currpropositionctr=\count327
\c@endpropositionctr=\count328
\c@proposition=\count329
\c@currlemmactr=\count330
\c@endlemmactr=\count331
\c@lemma=\count332
\c@currcorollaryctr=\count333
\c@endcorollaryctr=\count334
\c@corollary=\count335
\c@currremarkctr=\count336
\c@endremarkctr=\count337
\c@remark=\count338
\c@pubctr=\count339
) (./preface/cover.tex
\g_fontspec_family_Adobe Song Std_int=\count340
 fontspec info: Defining font family 'AdobeSongStd(0)' for font 'Adobe Song Std
' with options [Mapping=tex-text,BoldFont={Adobe Song Std},BoldFeatures={RawFea
ture={embolden=4}},ItalicFont={Adobe Song Std},ItalicFeatures={RawFeature={slan
t=0.17}},BoldItalicFont={Adobe Song Std},BoldItalicFeatures={RawFeature={embold
en=4,slant=0.17}}].

\g_fontspec_AdobeSongStd(0)_prop=\toks71
 fontspec info: Defining shape 'normal' with NFSS spec.:
(fontspec)  <->"Adobe Song Std/ICU:script=latn;language=DFLT;mapping=tex-text;"


 fontspec info: Defining shape 'bold' with NFSS spec.:
(fontspec)  <->"Adobe Song Std/ICU:script=latn;language=DFLT;mapping=tex-text;e
mbolden=4;"

 fontspec info: Defining shape 'italic' with NFSS spec.:
(fontspec)  <->"Adobe Song Std/ICU:script=latn;language=DFLT;mapping=tex-text;s
lant=0.17;"

 fontspec info: Defining shape 'bold italic' with NFSS spec.:
(fontspec)  <->"Adobe Song Std/ICU:script=latn;language=DFLT;mapping=tex-text;e
mbolden=4,slant=0.17;"

\g_fontspec_family_Adobe Heiti Std_int=\count341
 fontspec info: Defining font family 'AdobeHeitiStd(0)' for font 'Adobe Heiti S
td' with options [Mapping=tex-text,BoldFont={Adobe Heiti Std},BoldFeatures={Raw
Feature={embolden=4}},ItalicFont={Adobe Heiti Std},ItalicFeatures={RawFeature={
slant=0.17}},BoldItalicFont={Adobe Heiti Std},BoldItalicFeatures={RawFeature={e
mbolden=4,slant=0.17}}].

\g_fontspec_AdobeHeitiStd(0)_prop=\toks72
 fontspec info: Defining shape 'normal' with NFSS spec.:
(fontspec)  <->"Adobe Heiti Std/ICU:script=latn;language=DFLT;mapping=tex-text;
"

 fontspec info: Defining shape 'bold' with NFSS spec.:
(fontspec)  <->"Adobe Heiti Std/ICU:script=latn;language=DFLT;mapping=tex-text;
embolden=4;"

 fontspec info: Defining shape 'italic' with NFSS spec.:
(fontspec)  <->"Adobe Heiti Std/ICU:script=latn;language=DFLT;mapping=tex-text;
slant=0.17;"

 fontspec info: Defining shape 'bold italic' with NFSS spec.:
(fontspec)  <->"Adobe Heiti Std/ICU:script=latn;language=DFLT;mapping=tex-text;
embolden=4,slant=0.17;"

\g_fontspec_family_Adobe Kaiti Std_int=\count342
 fontspec info: Defining font family 'AdobeKaitiStd(0)' for font 'Adobe Kaiti S
td' with options [Mapping=tex-text,BoldFont={Adobe Kaiti Std},BoldFeatures={Raw
Feature={embolden=4}},ItalicFont={Adobe Kaiti Std},ItalicFeatures={RawFeature={
slant=0.17}},BoldItalicFont={Adobe Kaiti Std},BoldItalicFeatures={RawFeature={e
mbolden=4,slant=0.17}}].

\g_fontspec_AdobeKaitiStd(0)_prop=\toks73
 fontspec info: Defining shape 'normal' with NFSS spec.:
(fontspec)  <->"Adobe Kaiti Std/ICU:script=latn;language=DFLT;mapping=tex-text;
"

 fontspec info: Defining shape 'bold' with NFSS spec.:
(fontspec)  <->"Adobe Kaiti Std/ICU:script=latn;language=DFLT;mapping=tex-text;
embolden=4;"

 fontspec info: Defining shape 'italic' with NFSS spec.:
(fontspec)  <->"Adobe Kaiti Std/ICU:script=latn;language=DFLT;mapping=tex-text;
slant=0.17;"

 fontspec info: Defining shape 'bold italic' with NFSS spec.:
(fontspec)  <->"Adobe Kaiti Std/ICU:script=latn;language=DFLT;mapping=tex-text;
embolden=4,slant=0.17;"


(/home/jasonleakey/software/texlive/2011/texmf-dist/tex/generic/oberdiek/se-asc
ii-print.def
File: se-ascii-print.def 2010/03/01 v1.8 stringenc: Printable ASCII characters
) [1



]
LaTeX Font Info:    Try loading font information for U+txsya on input line 58.

(/home/jasonleakey/software/texlive/2011/texmf-dist/tex/latex/txfonts/utxsya.fd
File: utxsya.fd 2000/12/15 v3.1
)
LaTeX Font Info:    Try loading font information for U+txsyb on input line 58.

(/home/jasonleakey/software/texlive/2011/texmf-dist/tex/latex/txfonts/utxsyb.fd
File: utxsyb.fd 2000/12/15 v3.1
)
LaTeX Font Info:    Try loading font information for OT1+txr on input line 58.

(/home/jasonleakey/software/texlive/2011/texmf-dist/tex/latex/txfonts/ot1txr.fd
File: ot1txr.fd 2000/12/15 v3.1
)
LaTeX Font Info:    Try loading font information for U+txmia on input line 58.

(/home/jasonleakey/software/texlive/2011/texmf-dist/tex/latex/txfonts/utxmia.fd
File: utxmia.fd 2000/12/15 v3.1
)
LaTeX Font Info:    Try loading font information for U+txsyc on input line 58.

(/home/jasonleakey/software/texlive/2011/texmf-dist/tex/latex/txfonts/utxsyc.fd
File: utxsyc.fd 2000/12/15 v3.1
)
LaTeX Font Info:    Calculating math sizes for size <14> on input line 58.
 [2] [3] [1


] [2


] [3


] [4


] (./main.toc [5

])
\tf@toc=\write4
\openout4 = `main.toc'.

LaTeX Font Info:    Font shape `EU1/TimesNewRoman(0)/m/sl' in size <12> not ava
ilable
(Font)              Font shape `EU1/TimesNewRoman(0)/m/it' tried instead on inp
ut line 58.
LaTeX Font Info:    Font shape `EU1/TimesNewRoman(0)/bx/sl' in size <12> not av
ailable
(Font)              Font shape `EU1/TimesNewRoman(0)/bx/it' tried instead on in
put line 58.
LaTeX Font Info:    Font shape `EU1/TimesNewRoman(0)/bx/sl' in size <15.75> not
 available
(Font)              Font shape `EU1/TimesNewRoman(0)/bx/it' tried instead on in
put line 58.
 [6] (./main.lot)
\tf@lot=\write5
\openout5 = `main.lot'.

 [7

] (./main.lof)
\tf@lof=\write6
\openout6 = `main.lof'.


[8

])
\openout2 = `body/chapter1.aux'.

 (./body/chapter1.tex
Chapter 1.
[1




] [2] [3] [4]
File: figures/ultrasound.eps Graphic file (type eps)
 <figures/ultrasound.eps> [5] [6] [7]
File: figures/outline.eps Graphic file (type eps)
 <figures/outline.eps>
[8]) [9]
\openout2 = `body/chapter2.aux'.

 (./body/chapter2.tex
Chapter 2.
[10



] [11]
File: figures/device.eps Graphic file (type eps)
 <figures/device.eps>
File: figures/probe.eps Graphic file (type eps)
 <figures/probe.eps> [12]
File: figures/1stgen.eps Graphic file (type eps)
 <figures/1stgen.eps>
[13]
File: figures/dialog.eps Graphic file (type eps)
 <figures/dialog.eps> [14] [15]
File: figures/interface.eps Graphic file (type eps)
 <figures/interface.eps>
File: figures/130g.eps Graphic file (type eps)
 <figures/130g.eps>
File: figures/200g.eps Graphic file (type eps)

<figures/200g.eps>
File: figures/250g.eps Graphic file (type eps)
 <figures/250g.eps> [16] [17]) [18]
\openout2 = `body/chapter3.aux'.

 (./body/chapter3.tex
Chapter 3.
File: figures/preprocessing.eps Graphic file (type eps)
<figures/preprocessing.eps>
File: figures/beforeburr.eps Graphic file (type eps)
 <figures/beforeburr.eps> [19



] [20] [21] [22]
[23] [24]
File: figures/hard.eps Graphic file (type eps)
 <figures/hard.eps>
File: figures/soft.eps Graphic file (type eps)
 <figures/soft.eps>
File: figures/adaptive.eps Graphic file (type eps)
 <figures/adaptive.eps> [25]
File: figures/filter.eps Graphic file (type eps)

<figures/filter.eps>
File: figures/soft.eps Graphic file (type eps)
 <figures/soft.eps>
File: figures/50hz.eps Graphic file (type eps)
 <figures/50hz.eps>
File: figures/after50Hz.eps Graphic file (type eps)

<figures/after50Hz.eps>
File: figures/freqspecafter.eps Graphic file (type eps)
 <figures/freqspecafter.eps>
File: figures/baselinedrift.eps Graphic file (type eps)

<figures/baselinedrift.eps> [26] [27] [28]
File: figures/slidingwindow.eps Graphic file (type eps)
 <figures/slidingwindow.eps> [29]
File: figures/startingpoint.eps Graphic file (type eps)

<figures/startingpoint.eps> [30]
File: figures/cubic.eps Graphic file (type eps)
 <figures/cubic.eps>
File: figures/baselined.eps Graphic file (type eps)
 <figures/baselined.eps>
[31]
File: figures/normalized.eps Graphic file (type eps)
 <figures/normalized.eps> [32]) [33]
\openout2 = `body/chapter4.aux'.

 (./body/chapter4.tex
Chapter 4.
File: figures/pulsewaveform.eps Graphic file (type eps)
<figures/pulsewaveform.eps>
File: figures/shapefeatures.eps Graphic file (type eps)
 <figures/shapefeatures.eps>
File: figures/areafeatures.eps Graphic file (type eps)

<figures/areafeatures.eps> [34



] [35] [36]
File: figures/keypoint.eps Graphic file (type eps)
 <figures/keypoint.eps> [37]
File: figures/keypointsdetected.eps Graphic file (type eps)

<figures/keypointsdetected.eps>
File: figures/firstderi.eps Graphic file (type eps)
 <figures/firstderi.eps> [38]
File: figures/xianmai.eps Graphic file (type eps)

<figures/xianmai.eps>
File: figures/hiddentidal.eps Graphic file (type eps)
 <figures/hiddentidal.eps>
File: figures/1diff.eps Graphic file (type eps)
 <figures/1diff.eps>
File: figures/2diff.eps Graphic file (type eps)

<figures/2diff.eps>) [39] [40]
\openout2 = `body/chapter5.aux'.

 (./body/chapter5.tex
Chapter 5.
[41



]) [42]
\openout2 = `body/conclusion.aux'.

 (./body/conclusion.tex
Chapter 6.
) [43



]
\openout2 = `reference/refer.aux'.

 (./reference/refer.tex (./main.bbl [44



] [45])) [46]
\tf@thm=\write7
\openout7 = `main.thm'.

Package atveryend Info: Empty hook `BeforeClearDocument' on input line 44.
Package atveryend Info: Empty hook `AfterLastShipout' on input line 44.
 (./main.aux
(./body/chapter1.aux) (./body/chapter2.aux) (./body/chapter3.aux)
(./body/chapter4.aux) (./body/chapter5.aux) (./body/conclusion.aux)
(./reference/refer.aux))
Package atveryend Info: Empty hook `AtVeryEndDocument' on input line 44.
Package atveryend Info: Empty hook `AtEndAfterFileList' on input line 44.
Package atveryend Info: Empty hook `AtVeryVeryEnd' on input line 44.
 ) 
Here is how much of TeX's memory you used:
 22863 strings out of 495667
 372016 string characters out of 3185498
 510808 words of memory out of 3000000
 25490 multiletter control sequences out of 15000+200000
 31693 words of font info for 163 fonts, out of 3000000 for 9000
 36 hyphenation exceptions out of 8191
 47i,12n,85p,579b,651s stack positions out of 5000i,500n,10000p,200000b,50000s

Output written on main.pdf (57 pages).
