\BOOKMARK [0][]{section*.1}{Abstract\040\(In\040Chinese\)}{}% 1
\BOOKMARK [0][]{section*.3}{Abstract}{}% 2
\BOOKMARK [0][]{section*.5}{Dedication}{}% 3
\BOOKMARK [0][]{section*.7}{Acknowledgement}{}% 4
\BOOKMARK [0][]{.0}{CONTENTS}{}% 5
\BOOKMARK [0][]{section*.10}{List\040of\040Tables}{}% 6
\BOOKMARK [0][]{section*.12}{List\040of\040Figures}{}% 7
\BOOKMARK [0][]{chapter.1}{1\040Introduction}{}% 8
\BOOKMARK [1][]{section.1.1}{1.1\040Background}{chapter.1}% 9
\BOOKMARK [1][]{section.1.2}{1.2\040Research\040objectives}{chapter.1}% 10
\BOOKMARK [1][]{section.1.3}{1.3\040Research\040status}{chapter.1}% 11
\BOOKMARK [2][]{subsection.1.3.1}{1.3.1\040The\040designing\040of\040pulse\040collecting\040system}{section.1.3}% 12
\BOOKMARK [2][]{subsection.1.3.2}{1.3.2\040The\040analysis\040and\040diagnosis\040objectified\040digital\040features}{section.1.3}% 13
\BOOKMARK [1][]{section.1.4}{1.4\040Thesis\040organization}{chapter.1}% 14
\BOOKMARK [0][]{chapter.2}{2\040Pulse\040collecting\040device\040and\040pulse\040database}{}% 15
\BOOKMARK [1][]{section.2.1}{2.1\040Pulse\040collecting\040system}{chapter.2}% 16
\BOOKMARK [1][]{section.2.2}{2.2\040The\040collection\040of\040wrist\040pulse}{chapter.2}% 17
\BOOKMARK [1][]{section.2.3}{2.3\040Pulse\040database}{chapter.2}% 18
\BOOKMARK [1][]{section.2.4}{2.4\040Summary}{chapter.2}% 19
\BOOKMARK [0][]{chapter.3}{3\040Pulse\040signal\040preprocessing}{}% 20
\BOOKMARK [1][]{section.3.1}{3.1\040Burring}{chapter.3}% 21
\BOOKMARK [2][]{subsection.3.1.1}{3.1.1\040Wavelet-based\040denoising}{section.3.1}% 22
\BOOKMARK [2][]{subsection.3.1.2}{3.1.2\040Removal\040of\040electric\040power\040noise}{section.3.1}% 23
\BOOKMARK [1][]{section.3.2}{3.2\040Removal\040of\040pulse\040waveform\040baseline\040wander}{chapter.3}% 24
\BOOKMARK [2][]{subsection.3.2.1}{3.2.1\040Starting\040point\040detecting\040technique}{section.3.2}% 25
\BOOKMARK [2][]{subsection.3.2.2}{3.2.2\040Cubic\040spline\040interpolation}{section.3.2}% 26
\BOOKMARK [1][]{section.3.3}{3.3\040Period\040segmentation\040of\040pulse\040waveform}{chapter.3}% 27
\BOOKMARK [1][]{section.3.4}{3.4\040Normalization\040of\040pulse\040waveform\040}{chapter.3}% 28
\BOOKMARK [1][]{section.3.5}{3.5\040Summary}{chapter.3}% 29
\BOOKMARK [0][]{chapter.4}{4\040Pulse\040feature\040extraction}{}% 30
\BOOKMARK [1][]{section.4.1}{4.1\040Time-domain\040features}{chapter.4}% 31
\BOOKMARK [2][]{subsection.4.1.1}{4.1.1\040Time-domain\040features\040and\040its\040physiological\040significance}{section.4.1}% 32
\BOOKMARK [2][]{subsection.4.1.2}{4.1.2 其他特征}{section.4.1}% 33
\BOOKMARK [0][]{chapter.5}{5\040Pulse\040pattern\040classification}{}% 34
\BOOKMARK [1][]{section.5.1}{5.1\040Support\040vector\040machine\040classifier}{chapter.5}% 35
\BOOKMARK [2][]{subsection.5.1.1}{5.1.1\040Principle\040of\040SVM}{section.5.1}% 36
\BOOKMARK [2][]{subsection.5.1.2}{5.1.2\040Experimental\040design}{section.5.1}% 37
\BOOKMARK [2][]{subsection.5.1.3}{5.1.3\040SVM\040classification\040result}{section.5.1}% 38
\BOOKMARK [1][]{section.5.2}{5.2\040Linear\040discriminant\040analysis\040classifier}{chapter.5}% 39
\BOOKMARK [2][]{subsection.5.2.1}{5.2.1\040Principle\040of\040LDA}{section.5.2}% 40
\BOOKMARK [2][]{subsection.5.2.2}{5.2.2\040Experimental\040design}{section.5.2}% 41
\BOOKMARK [2][]{subsection.5.2.3}{5.2.3\040LDA\040classification\040result}{section.5.2}% 42
\BOOKMARK [1][]{section.5.3}{5.3\040K-nearest\040neighbor\040classifier}{chapter.5}% 43
\BOOKMARK [2][]{subsection.5.3.1}{5.3.1\040Principle\040of\040KNN}{section.5.3}% 44
\BOOKMARK [2][]{subsection.5.3.2}{5.3.2\040Experimental\040design}{section.5.3}% 45
\BOOKMARK [2][]{subsection.5.3.3}{5.3.3\040KNN\040classification\040result}{section.5.3}% 46
\BOOKMARK [1][]{section.5.4}{5.4\040}{chapter.5}% 47
\BOOKMARK [1][]{section.5.5}{5.5\040Summary}{chapter.5}% 48
\BOOKMARK [0][]{chapter.6}{6\040Conclusion}{}% 49
\BOOKMARK [0][]{chapter.6}{References}{}% 50
